<?xml version="1.0" encoding="UTF-8"?>
<!-- Generated by org.testng.reporters.JUnitXMLReporter -->
<testsuite ignored="0" hostname="Mds-MacBook-Air.local" failures="0" tests="1" name="Shopping" time="3.874" errors="0" timestamp="2020-05-27T23:34:38 EDT">
  <testcase classname="Com.talentech.SeleniumProjectWeek1.ShoppingTest" name="@BeforeMethod setUp" time="3.762">
    <failure type="org.openqa.selenium.SessionNotCreatedException" message="session not created: This version of ChromeDriver only supports Chrome version 81
Build info: version: &amp;apos;3.10.0&amp;apos;, revision: &amp;apos;176b4a9&amp;apos;, time: &amp;apos;2018-03-02T19:03:16.397Z&amp;apos;
System info: host: &amp;apos;Mds-MacBook-Air.local&amp;apos;, ip: &amp;apos;fe80:0:0:0:401:aaa7:7e24:1ca7%en0&amp;apos;, os.name: &amp;apos;Mac OS X&amp;apos;, os.arch: &amp;apos;x86_64&amp;apos;, os.version: &amp;apos;10.15.3&amp;apos;, java.version: &amp;apos;11.0.6&amp;apos;
Driver info: driver.version: ChromeDriver
remote stacktrace: 0   chromedriver                        0x000000010b867789 chromedriver + 4671369
1   chromedriver                        0x000000010b8025d3 chromedriver + 4257235
2   chromedriver                        0x000000010b4ac00f chromedriver + 757775
3   chromedriver                        0x000000010b40bfc9 chromedriver + 102345
4   chromedriver                        0x000000010b4081fc chromedriver + 86524
5   chromedriver                        0x000000010b437403 chromedriver + 279555
6   chromedriver                        0x000000010b434213 chromedriver + 266771
7   chromedriver                        0x000000010b40e21d chromedriver + 111133
8   chromedriver                        0x000000010b40f1c5 chromedriver + 115141
9   chromedriver                        0x000000010b82a03f chromedriver + 4419647
10  chromedriver                        0x000000010b836cda chromedriver + 4472026
11  chromedriver                        0x000000010b836a77 chromedriver + 4471415
12  chromedriver                        0x000000010b80e189 chromedriver + 4305289
13  chromedriver                        0x000000010b837587 chromedriver + 4474247
14  chromedriver                        0x000000010b81fdc7 chromedriver + 4378055
15  chromedriver                        0x000000010b84d7f4 chromedriver + 4564980
16  chromedriver                        0x000000010b86d717 chromedriver + 4695831
17  libsystem_pthread.dylib             0x00007fff649eee65 _pthread_start + 148
18  libsystem_pthread.dylib             0x00007fff649ea83b thread_start + 15
">
      <![CDATA[org.openqa.selenium.SessionNotCreatedException: session not created: This version of ChromeDriver only supports Chrome version 81
Build info: version: '3.10.0', revision: '176b4a9', time: '2018-03-02T19:03:16.397Z'
System info: host: 'Mds-MacBook-Air.local', ip: 'fe80:0:0:0:401:aaa7:7e24:1ca7%en0', os.name: 'Mac OS X', os.arch: 'x86_64', os.version: '10.15.3', java.version: '11.0.6'
Driver info: driver.version: ChromeDriver
remote stacktrace: 0   chromedriver                        0x000000010b867789 chromedriver + 4671369
1   chromedriver                        0x000000010b8025d3 chromedriver + 4257235
2   chromedriver                        0x000000010b4ac00f chromedriver + 757775
3   chromedriver                        0x000000010b40bfc9 chromedriver + 102345
4   chromedriver                        0x000000010b4081fc chromedriver + 86524
5   chromedriver                        0x000000010b437403 chromedriver + 279555
6   chromedriver                        0x000000010b434213 chromedriver + 266771
7   chromedriver                        0x000000010b40e21d chromedriver + 111133
8   chromedriver                        0x000000010b40f1c5 chromedriver + 115141
9   chromedriver                        0x000000010b82a03f chromedriver + 4419647
10  chromedriver                        0x000000010b836cda chromedriver + 4472026
11  chromedriver                        0x000000010b836a77 chromedriver + 4471415
12  chromedriver                        0x000000010b80e189 chromedriver + 4305289
13  chromedriver                        0x000000010b837587 chromedriver + 4474247
14  chromedriver                        0x000000010b81fdc7 chromedriver + 4378055
15  chromedriver                        0x000000010b84d7f4 chromedriver + 4564980
16  chromedriver                        0x000000010b86d717 chromedriver + 4695831
17  libsystem_pthread.dylib             0x00007fff649eee65 _pthread_start + 148
18  libsystem_pthread.dylib             0x00007fff649ea83b thread_start + 15

at org.openqa.selenium.remote.W3CHandshakeResponse.lambda$new$0(W3CHandshakeResponse.java:57)
at org.openqa.selenium.remote.W3CHandshakeResponse.lambda$getResponseFunction$2(W3CHandshakeResponse.java:104)
at org.openqa.selenium.remote.ProtocolHandshake.lambda$createSession$0(ProtocolHandshake.java:123)
at java.base/java.util.stream.ReferencePipeline$3$1.accept(ReferencePipeline.java:195)
at java.base/java.util.Spliterators$ArraySpliterator.tryAdvance(Spliterators.java:958)
at java.base/java.util.stream.ReferencePipeline.forEachWithCancel(ReferencePipeline.java:127)
at java.base/java.util.stream.AbstractPipeline.copyIntoWithCancel(AbstractPipeline.java:502)
at java.base/java.util.stream.AbstractPipeline.copyInto(AbstractPipeline.java:488)
at java.base/java.util.stream.AbstractPipeline.wrapAndCopyInto(AbstractPipeline.java:474)
at java.base/java.util.stream.FindOps$FindOp.evaluateSequential(FindOps.java:150)
at java.base/java.util.stream.AbstractPipeline.evaluate(AbstractPipeline.java:234)
at java.base/java.util.stream.ReferencePipeline.findFirst(ReferencePipeline.java:543)
at org.openqa.selenium.remote.ProtocolHandshake.createSession(ProtocolHandshake.java:126)
at org.openqa.selenium.remote.ProtocolHandshake.createSession(ProtocolHandshake.java:73)
at org.openqa.selenium.remote.HttpCommandExecutor.execute(HttpCommandExecutor.java:138)
at org.openqa.selenium.remote.service.DriverCommandExecutor.execute(DriverCommandExecutor.java:83)
at org.openqa.selenium.remote.RemoteWebDriver.execute(RemoteWebDriver.java:601)
at org.openqa.selenium.remote.RemoteWebDriver.startSession(RemoteWebDriver.java:219)
at org.openqa.selenium.remote.RemoteWebDriver.<init>(RemoteWebDriver.java:142)
at org.openqa.selenium.chrome.ChromeDriver.<init>(ChromeDriver.java:181)
at org.openqa.selenium.chrome.ChromeDriver.<init>(ChromeDriver.java:168)
at org.openqa.selenium.chrome.ChromeDriver.<init>(ChromeDriver.java:123)
at Com.talentech.SeleniumProjectWeek1.ShoppingTest.setUp(ShoppingTest.java:22)
at java.base/java.util.ArrayList.forEach(ArrayList.java:1540)
... Removed 35 stack frames]]>
    </failure>
  </testcase> <!-- @BeforeMethod setUp -->
  <testcase classname="Com.talentech.SeleniumProjectWeek1.ShoppingTest" name="@AfterMethod tearDown" time="-1.590636878872E9">
    <skipped/>
  </testcase> <!-- @AfterMethod tearDown -->
  <testcase classname="Com.talentech.SeleniumProjectWeek1.ShoppingTest" name="testCardShopping" time="0.0">
    <skipped/>
  </testcase> <!-- testCardShopping -->
</testsuite> <!-- Shopping -->
