<?xml version="1.0" encoding="UTF-8"?>
<!-- Generated by org.testng.reporters.JUnitReportReporter -->
<testsuite hostname="Mds-MacBook-Air.local" failures="0" tests="2" name="Com.talentech.SeleniumProjectWeek1.ShoppingTest" time="4.271" errors="1" timestamp="2020-05-27T23:39:16 EDT" skipped="1">
  <testcase classname="Com.talentech.SeleniumProjectWeek1.ShoppingTest" name="testCardShopping" time="0.000">
    <skipped/>
  </testcase> <!-- testCardShopping -->
  <system-out/>
  <testcase classname="Com.talentech.SeleniumProjectWeek1.ShoppingTest" name="setUp" time="4.271">
    <error message="session not created: This version of ChromeDriver only supports Chrome version 81
Build info: version: &#039;3.10.0&#039;, revision: &#039;176b4a9&#039;, time: &#039;2018-03-02T19:03:16.397Z&#039;
System info: host: &#039;Mds-MacBook-Air.local&#039;, ip: &#039;fe80:0:0:0:401:aaa7:7e24:1ca7%en0&#039;, os.name: &#039;Mac OS X&#039;, os.arch: &#039;x86_64&#039;, os.version: &#039;10.15.3&#039;, java.version: &#039;11.0.6&#039;
Driver info: driver.version: ChromeDriver
remote stacktrace: 0   chromedriver                        0x0000000101410269 chromedriver + 4674153
1   chromedriver                        0x00000001013aa593 chromedriver + 4257171
2   chromedriver                        0x0000000101053fcf chromedriver + 757711
3   chromedriver                        0x0000000100fb3f89 chromedriver + 102281
4   chromedriver                        0x0000000100fb01bc chromedriver + 86460
5   chromedriver                        0x0000000100fdf3c3 chromedriver + 279491
6   chromedriver                        0x0000000100fdc1d3 chromedriver + 266707
7   chromedriver                        0x0000000100fb61dd chromedriver + 111069
8   chromedriver                        0x0000000100fb7185 chromedriver + 115077
9   chromedriver                        0x00000001013d1fff chromedriver + 4419583
10  chromedriver                        0x00000001013df7ba chromedriver + 4474810
11  chromedriver                        0x00000001013df557 chromedriver + 4474199
12  chromedriver                        0x00000001013b6149 chromedriver + 4305225
13  chromedriver                        0x00000001013e0067 chromedriver + 4477031
14  chromedriver                        0x00000001013c7d87 chromedriver + 4377991
15  chromedriver                        0x00000001013f62d4 chromedriver + 4567764
16  chromedriver                        0x00000001014161f7 chromedriver + 4698615
17  libsystem_pthread.dylib             0x00007fff649eee65 _pthread_start + 148
18  libsystem_pthread.dylib             0x00007fff649ea83b thread_start + 15
" type="org.openqa.selenium.SessionNotCreatedException">
      <![CDATA[org.openqa.selenium.SessionNotCreatedException: session not created: This version of ChromeDriver only supports Chrome version 81
Build info: version: '3.10.0', revision: '176b4a9', time: '2018-03-02T19:03:16.397Z'
System info: host: 'Mds-MacBook-Air.local', ip: 'fe80:0:0:0:401:aaa7:7e24:1ca7%en0', os.name: 'Mac OS X', os.arch: 'x86_64', os.version: '10.15.3', java.version: '11.0.6'
Driver info: driver.version: ChromeDriver
remote stacktrace: 0   chromedriver                        0x0000000101410269 chromedriver + 4674153
1   chromedriver                        0x00000001013aa593 chromedriver + 4257171
2   chromedriver                        0x0000000101053fcf chromedriver + 757711
3   chromedriver                        0x0000000100fb3f89 chromedriver + 102281
4   chromedriver                        0x0000000100fb01bc chromedriver + 86460
5   chromedriver                        0x0000000100fdf3c3 chromedriver + 279491
6   chromedriver                        0x0000000100fdc1d3 chromedriver + 266707
7   chromedriver                        0x0000000100fb61dd chromedriver + 111069
8   chromedriver                        0x0000000100fb7185 chromedriver + 115077
9   chromedriver                        0x00000001013d1fff chromedriver + 4419583
10  chromedriver                        0x00000001013df7ba chromedriver + 4474810
11  chromedriver                        0x00000001013df557 chromedriver + 4474199
12  chromedriver                        0x00000001013b6149 chromedriver + 4305225
13  chromedriver                        0x00000001013e0067 chromedriver + 4477031
14  chromedriver                        0x00000001013c7d87 chromedriver + 4377991
15  chromedriver                        0x00000001013f62d4 chromedriver + 4567764
16  chromedriver                        0x00000001014161f7 chromedriver + 4698615
17  libsystem_pthread.dylib             0x00007fff649eee65 _pthread_start + 148
18  libsystem_pthread.dylib             0x00007fff649ea83b thread_start + 15

at java.base/jdk.internal.reflect.NativeConstructorAccessorImpl.newInstance0(Native Method)
at java.base/jdk.internal.reflect.NativeConstructorAccessorImpl.newInstance(NativeConstructorAccessorImpl.java:62)
at java.base/jdk.internal.reflect.DelegatingConstructorAccessorImpl.newInstance(DelegatingConstructorAccessorImpl.java:45)
at java.base/java.lang.reflect.Constructor.newInstance(Constructor.java:490)
at org.openqa.selenium.remote.W3CHandshakeResponse.lambda$new$0(W3CHandshakeResponse.java:57)
at org.openqa.selenium.remote.W3CHandshakeResponse.lambda$getResponseFunction$2(W3CHandshakeResponse.java:104)
at org.openqa.selenium.remote.ProtocolHandshake.lambda$createSession$0(ProtocolHandshake.java:123)
at java.base/java.util.stream.ReferencePipeline$3$1.accept(ReferencePipeline.java:195)
at java.base/java.util.Spliterators$ArraySpliterator.tryAdvance(Spliterators.java:958)
at java.base/java.util.stream.ReferencePipeline.forEachWithCancel(ReferencePipeline.java:127)
at java.base/java.util.stream.AbstractPipeline.copyIntoWithCancel(AbstractPipeline.java:502)
at java.base/java.util.stream.AbstractPipeline.copyInto(AbstractPipeline.java:488)
at java.base/java.util.stream.AbstractPipeline.wrapAndCopyInto(AbstractPipeline.java:474)
at java.base/java.util.stream.FindOps$FindOp.evaluateSequential(FindOps.java:150)
at java.base/java.util.stream.AbstractPipeline.evaluate(AbstractPipeline.java:234)
at java.base/java.util.stream.ReferencePipeline.findFirst(ReferencePipeline.java:543)
at org.openqa.selenium.remote.ProtocolHandshake.createSession(ProtocolHandshake.java:126)
at org.openqa.selenium.remote.ProtocolHandshake.createSession(ProtocolHandshake.java:73)
at org.openqa.selenium.remote.HttpCommandExecutor.execute(HttpCommandExecutor.java:138)
at org.openqa.selenium.remote.service.DriverCommandExecutor.execute(DriverCommandExecutor.java:83)
at org.openqa.selenium.remote.RemoteWebDriver.execute(RemoteWebDriver.java:601)
at org.openqa.selenium.remote.RemoteWebDriver.startSession(RemoteWebDriver.java:219)
at org.openqa.selenium.remote.RemoteWebDriver.<init>(RemoteWebDriver.java:142)
at org.openqa.selenium.chrome.ChromeDriver.<init>(ChromeDriver.java:181)
at org.openqa.selenium.chrome.ChromeDriver.<init>(ChromeDriver.java:168)
at org.openqa.selenium.chrome.ChromeDriver.<init>(ChromeDriver.java:123)
at Com.talentech.SeleniumProjectWeek1.ShoppingTest.setUp(ShoppingTest.java:22)
at java.base/jdk.internal.reflect.NativeMethodAccessorImpl.invoke0(Native Method)
at java.base/jdk.internal.reflect.NativeMethodAccessorImpl.invoke(NativeMethodAccessorImpl.java:62)
at java.base/jdk.internal.reflect.DelegatingMethodAccessorImpl.invoke(DelegatingMethodAccessorImpl.java:43)
at java.base/java.lang.reflect.Method.invoke(Method.java:566)
at org.testng.internal.MethodInvocationHelper.invokeMethod(MethodInvocationHelper.java:135)
at org.testng.internal.MethodInvocationHelper.invokeMethodConsideringTimeout(MethodInvocationHelper.java:64)
at org.testng.internal.ConfigInvoker.invokeConfigurationMethod(ConfigInvoker.java:364)
at org.testng.internal.ConfigInvoker.invokeConfigurations(ConfigInvoker.java:318)
at org.testng.internal.TestInvoker.runConfigMethods(TestInvoker.java:700)
at org.testng.internal.TestInvoker.invokeMethod(TestInvoker.java:527)
at org.testng.internal.TestInvoker.invokeTestMethod(TestInvoker.java:174)
at org.testng.internal.MethodRunner.runInSequence(MethodRunner.java:46)
at org.testng.internal.TestInvoker$MethodInvocationAgent.invoke(TestInvoker.java:821)
at org.testng.internal.TestInvoker.invokeTestMethods(TestInvoker.java:147)
at org.testng.internal.TestMethodWorker.invokeTestMethods(TestMethodWorker.java:146)
at org.testng.internal.TestMethodWorker.run(TestMethodWorker.java:128)
at java.base/java.util.ArrayList.forEach(ArrayList.java:1540)
at org.testng.TestRunner.privateRun(TestRunner.java:767)
at org.testng.TestRunner.run(TestRunner.java:588)
at org.testng.SuiteRunner.runTest(SuiteRunner.java:384)
at org.testng.SuiteRunner.runSequentially(SuiteRunner.java:378)
at org.testng.SuiteRunner.privateRun(SuiteRunner.java:337)
at org.testng.SuiteRunner.run(SuiteRunner.java:286)
at org.testng.SuiteRunnerWorker.runSuite(SuiteRunnerWorker.java:53)
at org.testng.SuiteRunnerWorker.run(SuiteRunnerWorker.java:96)
at org.testng.TestNG.runSuitesSequentially(TestNG.java:1214)
at org.testng.TestNG.runSuitesLocally(TestNG.java:1136)
at org.testng.TestNG.runSuites(TestNG.java:1066)
at org.testng.TestNG.run(TestNG.java:1034)
at org.testng.remote.AbstractRemoteTestNG.run(AbstractRemoteTestNG.java:115)
at org.testng.remote.RemoteTestNG.initAndRun(RemoteTestNG.java:251)
at org.testng.remote.RemoteTestNG.main(RemoteTestNG.java:77)
]]>
    </error>
  </testcase> <!-- setUp -->
  <system-out/>
</testsuite> <!-- Com.talentech.SeleniumProjectWeek1.ShoppingTest -->
